TN:
SF:src/application/pages/chatbot/ChatBotWidget.tsx
FN:14,ChatbotWidget
FN:29,(anonymous_1)
FN:33,(anonymous_2)
FN:39,(anonymous_3)
FN:48,(anonymous_4)
FN:58,(anonymous_5)
FN:62,(anonymous_6)
FN:81,(anonymous_7)
FN:86,(anonymous_8)
FN:92,(anonymous_9)
FN:125,(anonymous_10)
FN:173,(anonymous_11)
FNF:12
FNH:0
FNDA:0,ChatbotWidget
FNDA:0,(anonymous_1)
FNDA:0,(anonymous_2)
FNDA:0,(anonymous_3)
FNDA:0,(anonymous_4)
FNDA:0,(anonymous_5)
FNDA:0,(anonymous_6)
FNDA:0,(anonymous_7)
FNDA:0,(anonymous_8)
FNDA:0,(anonymous_9)
FNDA:0,(anonymous_10)
FNDA:0,(anonymous_11)
DA:5,0
DA:15,0
DA:16,0
DA:17,0
DA:18,0
DA:27,0
DA:29,0
DA:30,0
DA:33,0
DA:34,0
DA:35,0
DA:39,0
DA:40,0
DA:41,0
DA:48,0
DA:49,0
DA:51,0
DA:58,0
DA:59,0
DA:60,0
DA:62,0
DA:63,0
DA:69,0
DA:75,0
DA:81,0
DA:82,0
DA:86,0
DA:87,0
DA:88,0
DA:92,0
DA:95,0
DA:98,0
DA:126,0
DA:173,0
LF:34
LH:0
BRDA:34,0,0,0
BRDA:34,0,1,0
BRDA:49,1,0,0
BRDA:49,1,1,0
BRDA:87,2,0,0
BRDA:87,2,1,0
BRDA:127,3,0,0
BRDA:127,3,1,0
BRDA:130,4,0,0
BRDA:130,4,1,0
BRDA:139,5,0,0
BRDA:139,5,1,0
BRDA:147,6,0,0
BRDA:147,6,1,0
BRDA:181,7,0,0
BRDA:181,7,1,0
BRF:16
BRH:0
end_of_record
TN:
SF:src/application/pages/clients/form/ClientForm.jsx
FN:16,ClientForm
FN:30,(anonymous_1)
FN:32,(anonymous_2)
FN:41,(anonymous_3)
FN:61,(anonymous_4)
FN:63,(anonymous_5)
FN:70,(anonymous_6)
FN:136,(anonymous_7)
FN:158,(anonymous_8)
FNF:9
FNH:5
FNDA:17,ClientForm
FNDA:44,(anonymous_1)
FNDA:8,(anonymous_2)
FNDA:4,(anonymous_3)
FNDA:0,(anonymous_4)
FNDA:0,(anonymous_5)
FNDA:1,(anonymous_6)
FNDA:0,(anonymous_7)
FNDA:0,(anonymous_8)
DA:17,17
DA:18,17
DA:19,17
DA:21,17
DA:26,17
DA:27,17
DA:28,17
DA:30,44
DA:32,17
DA:33,8
DA:34,4
DA:41,17
DA:42,4
DA:43,4
DA:44,4
DA:45,3
DA:51,1
DA:53,4
DA:61,17
DA:62,0
DA:63,0
DA:70,17
DA:71,1
DA:72,1
DA:73,1
DA:76,0
DA:77,0
DA:79,0
DA:80,0
DA:81,0
DA:83,0
DA:85,0
DA:87,0
DA:89,0
DA:93,17
DA:94,1
DA:97,16
DA:99,12
DA:136,0
DA:158,0
LF:40
LH:27
BRDA:33,0,0,4
BRDA:33,0,1,4
BRDA:33,1,0,8
BRDA:33,1,1,4
BRDA:33,1,2,4
BRDA:46,2,0,3
BRDA:46,2,1,0
BRDA:47,3,0,4
BRDA:47,3,1,0
BRDA:72,4,0,1
BRDA:72,4,1,0
BRDA:72,5,0,1
BRDA:72,5,1,0
BRDA:80,6,0,0
BRDA:80,6,1,0
BRDA:87,7,0,0
BRDA:87,7,1,0
BRDA:93,8,0,1
BRDA:93,8,1,16
BRDA:93,9,0,17
BRDA:93,9,1,1
BRDA:97,10,0,4
BRDA:97,10,1,12
BRDA:102,11,0,4
BRDA:102,11,1,8
BRDA:131,12,0,17
BRDA:131,12,1,8
BRDA:139,13,0,8
BRDA:139,13,1,0
BRDA:145,14,0,17
BRDA:145,14,1,2
BRDA:162,15,0,0
BRDA:162,15,1,12
BRDA:162,16,0,4
BRDA:162,16,1,8
BRF:35
BRH:25
end_of_record
TN:
SF:src/application/pages/clients/list/ClientList.jsx
FN:17,ClientList
FN:24,(anonymous_1)
FN:33,(anonymous_2)
FN:49,(anonymous_3)
FN:63,(anonymous_4)
FN:76,(anonymous_5)
FN:81,(anonymous_6)
FN:96,(anonymous_7)
FN:102,(anonymous_8)
FN:124,(anonymous_9)
FNF:10
FNH:6
FNDA:9,ClientList
FNDA:6,(anonymous_1)
FNDA:6,(anonymous_2)
FNDA:0,(anonymous_3)
FNDA:4,(anonymous_4)
FNDA:4,(anonymous_5)
FNDA:0,(anonymous_6)
FNDA:4,(anonymous_7)
FNDA:0,(anonymous_8)
FNDA:0,(anonymous_9)
DA:18,9
DA:19,9
DA:20,9
DA:21,9
DA:22,9
DA:24,9
DA:25,6
DA:26,6
DA:33,9
DA:34,6
DA:35,6
DA:36,6
DA:37,6
DA:39,0
DA:41,6
DA:49,9
DA:50,0
DA:51,0
DA:52,0
DA:54,0
DA:63,9
DA:64,4
DA:76,9
DA:77,4
DA:81,0
DA:96,9
DA:97,4
DA:102,0
DA:110,9
DA:111,1
DA:114,8
DA:124,0
LF:32
LH:24
BRDA:25,0,0,6
BRDA:25,0,1,0
BRDA:25,1,0,6
BRDA:25,1,1,6
BRDA:65,2,0,2
BRDA:65,2,1,2
BRDA:66,3,0,2
BRDA:66,3,1,2
BRDA:110,4,0,1
BRDA:110,4,1,8
BRDA:110,5,0,9
BRDA:110,5,1,2
BRF:12
BRH:11
end_of_record
TN:
SF:src/application/pages/user/form/User.jsx
FN:23,User
FN:45,(anonymous_1)
FN:47,(anonymous_2)
FN:52,(anonymous_3)
FN:58,(anonymous_4)
FN:70,(anonymous_5)
FN:72,(anonymous_6)
FN:75,(anonymous_7)
FN:83,(anonymous_8)
FN:85,(anonymous_9)
FN:94,(anonymous_10)
FN:189,(anonymous_11)
FN:247,(anonymous_12)
FN:247,(anonymous_13)
FN:268,(anonymous_14)
FNF:15
FNH:0
FNDA:0,User
FNDA:0,(anonymous_1)
FNDA:0,(anonymous_2)
FNDA:0,(anonymous_3)
FNDA:0,(anonymous_4)
FNDA:0,(anonymous_5)
FNDA:0,(anonymous_6)
FNDA:0,(anonymous_7)
FNDA:0,(anonymous_8)
FNDA:0,(anonymous_9)
FNDA:0,(anonymous_10)
FNDA:0,(anonymous_11)
FNDA:0,(anonymous_12)
FNDA:0,(anonymous_13)
FNDA:0,(anonymous_14)
DA:21,0
DA:24,0
DA:25,0
DA:26,0
DA:27,0
DA:29,0
DA:41,0
DA:42,0
DA:43,0
DA:45,0
DA:47,0
DA:48,0
DA:49,0
DA:52,0
DA:53,0
DA:54,0
DA:56,0
DA:58,0
DA:66,0
DA:70,0
DA:71,0
DA:72,0
DA:75,0
DA:76,0
DA:77,0
DA:80,0
DA:81,0
DA:83,0
DA:84,0
DA:85,0
DA:94,0
DA:95,0
DA:96,0
DA:97,0
DA:98,0
DA:99,0
DA:100,0
DA:101,0
DA:103,0
DA:104,0
DA:105,0
DA:107,0
DA:108,0
DA:115,0
DA:116,0
DA:118,0
DA:121,0
DA:122,0
DA:123,0
DA:125,0
DA:126,0
DA:127,0
DA:131,0
DA:189,0
DA:247,0
DA:268,0
LF:56
LH:0
BRDA:25,0,0,0
BRDA:25,0,1,0
BRDA:48,1,0,0
BRDA:48,1,1,0
BRDA:56,2,0,0
BRDA:56,2,1,0
BRDA:62,3,0,0
BRDA:62,3,1,0
BRDA:63,4,0,0
BRDA:63,4,1,0
BRDA:77,5,0,0
BRDA:77,5,1,0
BRDA:97,6,0,0
BRDA:97,6,1,0
BRDA:98,7,0,0
BRDA:98,7,1,0
BRDA:99,8,0,0
BRDA:99,8,1,0
BRDA:99,9,0,0
BRDA:99,9,1,0
BRDA:100,10,0,0
BRDA:100,10,1,0
BRDA:101,11,0,0
BRDA:101,11,1,0
BRDA:101,12,0,0
BRDA:101,12,1,0
BRDA:115,13,0,0
BRDA:115,13,1,0
BRDA:125,14,0,0
BRDA:125,14,1,0
BRDA:134,15,0,0
BRDA:134,15,1,0
BRDA:229,16,0,0
BRDA:229,16,1,0
BRDA:240,17,0,0
BRDA:240,17,1,0
BRDA:256,18,0,0
BRDA:256,18,1,0
BRDA:272,19,0,0
BRDA:272,19,1,0
BRDA:272,20,0,0
BRDA:272,20,1,0
BRDA:274,21,0,0
BRDA:274,21,1,0
BRF:44
BRH:0
end_of_record
TN:
SF:src/application/pages/weeklyhours/form/WeeklyHoursForm.jsx
FN:20,toDateString
FN:29,toDateObject
FN:35,WeeklyHoursForm
FN:55,(anonymous_3)
FN:57,(anonymous_4)
FN:67,(anonymous_5)
FN:76,(anonymous_6)
FN:97,(anonymous_7)
FN:98,(anonymous_8)
FN:101,(anonymous_9)
FN:155,(anonymous_10)
FN:157,(anonymous_11)
FN:181,(anonymous_12)
FN:181,(anonymous_13)
FN:196,(anonymous_14)
FN:196,(anonymous_15)
FN:213,(anonymous_16)
FN:213,(anonymous_17)
FN:224,(anonymous_18)
FN:224,(anonymous_19)
FN:237,(anonymous_20)
FN:237,(anonymous_21)
FN:253,(anonymous_22)
FN:253,(anonymous_23)
FN:275,(anonymous_24)
FNF:25
FNH:8
FNDA:0,toDateString
FNDA:6,toDateObject
FNDA:18,WeeklyHoursForm
FNDA:60,(anonymous_3)
FNDA:8,(anonymous_4)
FNDA:4,(anonymous_5)
FNDA:4,(anonymous_6)
FNDA:0,(anonymous_7)
FNDA:0,(anonymous_8)
FNDA:1,(anonymous_9)
FNDA:2,(anonymous_10)
FNDA:0,(anonymous_11)
FNDA:0,(anonymous_12)
FNDA:0,(anonymous_13)
FNDA:0,(anonymous_14)
FNDA:0,(anonymous_15)
FNDA:0,(anonymous_16)
FNDA:0,(anonymous_17)
FNDA:0,(anonymous_18)
FNDA:0,(anonymous_19)
FNDA:0,(anonymous_20)
FNDA:0,(anonymous_21)
FNDA:0,(anonymous_22)
FNDA:0,(anonymous_23)
FNDA:0,(anonymous_24)
DA:14,1
DA:21,0
DA:22,0
DA:23,0
DA:24,0
DA:25,0
DA:26,0
DA:30,6
DA:31,3
DA:32,3
DA:36,18
DA:37,18
DA:38,18
DA:40,18
DA:50,18
DA:51,18
DA:52,18
DA:53,18
DA:55,60
DA:57,18
DA:58,8
DA:59,8
DA:60,4
DA:62,4
DA:67,18
DA:68,4
DA:69,4
DA:70,4
DA:72,0
DA:76,18
DA:77,4
DA:78,4
DA:79,4
DA:80,3
DA:91,1
DA:93,4
DA:97,18
DA:98,0
DA:101,18
DA:102,1
DA:104,1
DA:105,1
DA:108,0
DA:109,0
DA:111,0
DA:122,0
DA:123,0
DA:124,0
DA:126,0
DA:128,0
DA:130,0
DA:132,0
DA:136,18
DA:137,1
DA:140,17
DA:142,13
DA:155,2
DA:157,0
DA:181,0
DA:196,0
DA:213,0
DA:224,0
DA:237,0
DA:253,0
DA:275,0
LF:65
LH:39
BRDA:21,0,0,0
BRDA:21,0,1,0
BRDA:22,1,0,0
BRDA:22,1,1,0
BRDA:30,2,0,3
BRDA:30,2,1,3
BRDA:58,3,0,8
BRDA:58,3,1,0
BRDA:58,4,0,8
BRDA:58,4,1,8
BRDA:59,5,0,4
BRDA:59,5,1,4
BRDA:70,6,0,4
BRDA:70,6,1,0
BRDA:104,7,0,1
BRDA:104,7,1,0
BRDA:104,8,0,1
BRDA:104,8,1,0
BRDA:104,8,2,0
BRDA:104,8,3,0
BRDA:104,8,4,0
BRDA:123,9,0,0
BRDA:123,9,1,0
BRDA:130,10,0,0
BRDA:130,10,1,0
BRDA:130,10,2,0
BRDA:136,11,0,1
BRDA:136,11,1,17
BRDA:136,12,0,18
BRDA:136,12,1,1
BRDA:140,13,0,4
BRDA:140,13,1,13
BRDA:145,14,0,5
BRDA:145,14,1,8
BRDA:151,15,0,5
BRDA:151,15,1,8
BRDA:155,16,0,5
BRDA:155,16,1,5
BRDA:240,17,0,18
BRDA:240,17,1,10
BRDA:248,18,0,18
BRDA:248,18,1,8
BRDA:253,19,0,0
BRDA:253,19,1,0
BRDA:256,20,0,8
BRDA:256,20,1,0
BRDA:262,21,0,18
BRDA:262,21,1,2
BRDA:279,22,0,0
BRDA:279,22,1,13
BRDA:279,23,0,5
BRDA:279,23,1,8
BRF:52
BRH:32
end_of_record
TN:
SF:src/application/pages/weeklyhours/list/WeeklyHoursList.jsx
FN:8,WeeklyHoursList
FN:14,(anonymous_1)
FN:20,(anonymous_2)
FN:32,(anonymous_3)
FN:41,(anonymous_4)
FN:46,(anonymous_5)
FN:55,(anonymous_6)
FN:61,(anonymous_7)
FN:69,(anonymous_8)
FN:73,(anonymous_9)
FN:73,(anonymous_10)
FN:91,(anonymous_11)
FNF:12
FNH:9
FNDA:8,WeeklyHoursList
FNDA:5,(anonymous_1)
FNDA:5,(anonymous_2)
FNDA:4,(anonymous_3)
FNDA:4,(anonymous_4)
FNDA:0,(anonymous_5)
FNDA:4,(anonymous_6)
FNDA:0,(anonymous_7)
FNDA:4,(anonymous_8)
FNDA:14,(anonymous_9)
FNDA:8,(anonymous_10)
FNDA:0,(anonymous_11)
DA:9,8
DA:10,8
DA:11,8
DA:12,8
DA:14,8
DA:15,5
DA:16,5
DA:20,8
DA:21,5
DA:22,5
DA:23,5
DA:24,5
DA:26,0
DA:28,5
DA:32,8
DA:33,4
DA:34,4
DA:41,8
DA:42,4
DA:46,0
DA:55,8
DA:56,4
DA:61,0
DA:69,8
DA:70,4
DA:73,14
DA:74,8
DA:77,8
DA:78,1
DA:81,7
DA:91,0
LF:31
LH:27
BRDA:15,0,0,5
BRDA:15,0,1,0
BRDA:15,1,0,5
BRDA:15,1,1,5
BRDA:35,2,0,2
BRDA:35,2,1,2
BRDA:36,3,0,2
BRDA:36,3,1,2
BRDA:74,4,0,8
BRDA:74,4,1,4
BRDA:77,5,0,1
BRDA:77,5,1,7
BRDA:77,6,0,8
BRDA:77,6,1,1
BRF:14
BRH:13
end_of_record
TN:
SF:src/services/api.js
FN:18,(anonymous_0)
FN:23,(anonymous_1)
FN:30,(anonymous_2)
FN:31,(anonymous_3)
FNF:4
FNH:3
FNDA:35,(anonymous_0)
FNDA:0,(anonymous_1)
FNDA:31,(anonymous_2)
FNDA:4,(anonymous_3)
DA:5,6
DA:13,6
DA:16,6
DA:19,35
DA:20,35
DA:21,35
DA:24,0
DA:29,6
DA:30,31
DA:32,4
DA:33,4
DA:34,0
DA:35,0
DA:37,0
DA:39,4
LF:15
LH:11
BRDA:6,0,0,6
BRDA:6,0,1,6
BRDA:32,1,0,4
BRDA:32,1,1,0
BRDA:34,2,0,0
BRDA:34,2,1,0
BRF:6
BRH:3
end_of_record
TN:
SF:src/services/clientService.js
FN:9,(anonymous_0)
FN:18,(anonymous_1)
FN:34,(anonymous_2)
FN:48,(anonymous_3)
FN:61,(anonymous_4)
FN:76,(anonymous_5)
FNF:6
FNH:5
FNDA:3,(anonymous_0)
FNDA:1,(anonymous_1)
FNDA:0,(anonymous_2)
FNDA:5,(anonymous_3)
FNDA:8,(anonymous_4)
FNDA:1,(anonymous_5)
DA:3,3
DA:10,3
DA:19,1
DA:20,1
DA:21,1
DA:22,1
DA:24,0
DA:35,0
DA:36,0
DA:37,0
DA:39,0
DA:49,5
DA:50,5
DA:51,4
DA:53,1
DA:62,8
DA:63,8
DA:64,7
DA:66,1
DA:77,1
DA:79,1
DA:80,1
DA:82,0
LF:23
LH:17
BRF:0
BRH:0
end_of_record
TN:
SF:src/services/userService.js
FN:6,(anonymous_0)
FN:10,(anonymous_1)
FN:22,(anonymous_2)
FN:31,(anonymous_3)
FN:42,(anonymous_4)
FN:51,(anonymous_5)
FNF:6
FNH:2
FNDA:1,(anonymous_0)
FNDA:0,(anonymous_1)
FNDA:0,(anonymous_2)
FNDA:0,(anonymous_3)
FNDA:4,(anonymous_4)
FNDA:0,(anonymous_5)
DA:3,1
DA:7,1
DA:11,0
DA:12,0
DA:13,0
DA:14,0
DA:15,0
DA:16,0
DA:18,0
DA:23,0
DA:24,0
DA:25,0
DA:27,0
DA:32,0
DA:33,0
DA:34,0
DA:35,0
DA:36,0
DA:38,0
DA:43,4
DA:44,4
DA:45,4
DA:47,0
DA:52,0
DA:53,0
DA:54,0
DA:56,0
DA:65,0
DA:67,0
LF:29
LH:5
BRDA:34,0,0,0
BRDA:34,0,1,0
BRDA:35,1,0,0
BRDA:35,1,1,0
BRF:4
BRH:0
end_of_record
TN:
SF:src/services/weeklyhoursService.js
FN:6,(anonymous_0)
FN:10,(anonymous_1)
FN:19,(anonymous_2)
FN:28,(anonymous_3)
FN:37,(anonymous_4)
FN:46,(anonymous_5)
FN:55,(anonymous_6)
FN:64,(anonymous_7)
FNF:8
FNH:7
FNDA:3,(anonymous_0)
FNDA:7,(anonymous_1)
FNDA:5,(anonymous_2)
FNDA:0,(anonymous_3)
FNDA:1,(anonymous_4)
FNDA:1,(anonymous_5)
FNDA:1,(anonymous_6)
FNDA:1,(anonymous_7)
DA:3,3
DA:7,3
DA:11,7
DA:12,7
DA:13,6
DA:15,1
DA:20,5
DA:21,5
DA:22,4
DA:24,1
DA:29,0
DA:30,0
DA:31,0
DA:33,0
DA:38,1
DA:39,1
DA:40,1
DA:42,0
DA:47,1
DA:48,1
DA:49,1
DA:51,0
DA:56,1
DA:57,1
DA:58,1
DA:60,0
DA:65,1
DA:66,1
DA:67,1
DA:69,0
LF:30
LH:22
BRF:0
BRH:0
end_of_record
